# Bin, counts (M=3,5,10,50)
   -2.4500   0.00000   0.00000   0.00000   0.00000
   -2.3500   0.00000   0.00000   0.00000   0.00000
   -2.2500   0.00000   0.00000   0.00000   0.00000
   -2.1500   0.00000   0.00000   0.00000   0.00000
   -2.0500   0.00000   0.00000   0.00000   0.00000
   -1.9500   0.35748   0.06840   0.00146   0.00000
   -1.8500   0.85018   0.23994   0.00890   0.00000
   -1.7500   0.04570   0.00258   0.00002   0.00000
   -1.6500   0.00000   0.00000   0.04222   0.00000
   -1.5500   0.00000   0.00000   0.05516   0.00000
   -1.4500   0.00000   0.17530   0.01516   0.00000
   -1.3500   0.00000   0.59966   0.18066   0.00008
   -1.2500   0.00000   0.52240   0.21578   0.00080
   -1.1500   0.15686   0.26830   0.15940   0.00436
   -1.0500   1.40398   0.00000   0.46482   0.02104
   -0.9500   0.31414   0.17330   0.47828   0.08242
   -0.8500   0.41172   0.59942   0.43244   0.24270
   -0.7500   1.41662   1.03708   0.85802   0.57064
   -0.6500   0.03856   0.55996   0.76582   1.06618
   -0.5500   0.00000   0.73588   0.57626   1.57766
   -0.4500   0.00000   0.11276   0.89460   1.85326
   -0.3500   0.01058   0.29638   0.92294   1.77866
   -0.2500   0.52320   0.77580   0.71544   1.34708
   -0.1500   0.39860   0.43414   0.76144   0.82398
   -0.0500   0.08048   1.08734   0.59070   0.40758
    0.0500   1.49654   0.17846   0.43770   0.15978
    0.1500   0.30212   0.34718   0.45668   0.04916
    0.2500   0.13204   0.26044   0.36590   0.01186
    0.3500   0.80552   0.15198   0.19772   0.00240
    0.4500   0.00536   0.55074   0.14000   0.00030
    0.5500   0.04458   0.14128   0.11334   0.00004
    0.6500   0.10704   0.27944   0.07010   0.00002
    0.7500   0.00530   0.11708   0.03978   0.00000
    0.8500   0.25386   0.03154   0.02136   0.00000
    0.9500   0.21304   0.09270   0.00980   0.00000
    1.0500   0.00234   0.03308   0.00452   0.00000
    1.1500   0.39780   0.06754   0.00256   0.00000
    1.2500   0.06668   0.04430   0.00082   0.00000
    1.3500   0.00572   0.00602   0.00020   0.00000
    1.4500   0.15396   0.00958   0.00000   0.00000
    1.5500   0.00000   0.00000   0.00000   0.00000
    1.6500   0.00000   0.00000   0.00000   0.00000
    1.7500   0.00000   0.00000   0.00000   0.00000
    1.8500   0.00000   0.00000   0.00000   0.00000
    1.9500   0.00000   0.00000   0.00000   0.00000
    2.0500   0.00000   0.00000   0.00000   0.00000
    2.1500   0.00000   0.00000   0.00000   0.00000
    2.2500   0.00000   0.00000   0.00000   0.00000
    2.3500   0.00000   0.00000   0.00000   0.00000
    2.4500   0.00000   0.00000   0.00000   0.00000
    2.5500   0.00000   0.00000   0.00000   0.00000
