# Bin, counts (M=3,5,10,50)
   -2.4975   0.00000   0.00000   0.00000   0.00000
   -2.4925   0.00000   0.00000   0.00000   0.00000
   -2.4875   0.00000   0.00000   0.00000   0.00000
   -2.4825   0.00000   0.00000   0.00000   0.00000
   -2.4775   0.00000   0.00000   0.00000   0.00000
   -2.4725   0.00000   0.00000   0.00000   0.00000
   -2.4675   0.00000   0.00000   0.00000   0.00000
   -2.4625   0.00000   0.00000   0.00000   0.00000
   -2.4575   0.00000   0.00000   0.00000   0.00000
   -2.4525   0.00000   0.00000   0.00000   0.00000
   -2.4475   0.00000   0.00000   0.00000   0.00000
   -2.4425   0.00000   0.00000   0.00000   0.00000
   -2.4375   0.00000   0.00000   0.00000   0.00000
   -2.4325   0.00000   0.00000   0.00000   0.00000
   -2.4275   0.00000   0.00000   0.00000   0.00000
   -2.4225   0.00000   0.00000   0.00000   0.00000
   -2.4175   0.00000   0.00000   0.00000   0.00000
   -2.4125   0.00000   0.00000   0.00000   0.00000
   -2.4075   0.00000   0.00000   0.00000   0.00000
   -2.4025   0.00000   0.00000   0.00000   0.00000
   -2.3975   0.00000   0.00000   0.00000   0.00000
   -2.3925   0.00000   0.00000   0.00000   0.00000
   -2.3875   0.00000   0.00000   0.00000   0.00000
   -2.3825   0.00000   0.00000   0.00000   0.00000
   -2.3775   0.00000   0.00000   0.00000   0.00000
   -2.3725   0.00000   0.00000   0.00000   0.00000
   -2.3675   0.00000   0.00000   0.00000   0.00000
   -2.3625   0.00000   0.00000   0.00000   0.00000
   -2.3575   0.00000   0.00000   0.00000   0.00000
   -2.3525   0.00000   0.00000   0.00000   0.00000
   -2.3475   0.00000   0.00000   0.00000   0.00000
   -2.3425   0.00000   0.00000   0.00000   0.00000
   -2.3375   0.00000   0.00000   0.00000   0.00000
   -2.3325   0.00000   0.00000   0.00000   0.00000
   -2.3275   0.00000   0.00000   0.00000   0.00000
   -2.3225   0.00000   0.00000   0.00000   0.00000
   -2.3175   0.00000   0.00000   0.00000   0.00000
   -2.3125   0.00000   0.00000   0.00000   0.00000
   -2.3075   0.00000   0.00000   0.00000   0.00000
   -2.3025   0.00000   0.00000   0.00000   0.00000
   -2.2975   0.00000   0.00000   0.00000   0.00000
   -2.2925   0.00000   0.00000   0.00000   0.00000
   -2.2875   0.00000   0.00000   0.00000   0.00000
   -2.2825   0.00000   0.00000   0.00000   0.00000
   -2.2775   0.00000   0.00000   0.00000   0.00000
   -2.2725   0.00000   0.00000   0.00000   0.00000
   -2.2675   0.00000   0.00000   0.00000   0.00000
   -2.2625   0.00000   0.00000   0.00000   0.00000
   -2.2575   0.00000   0.00000   0.00000   0.00000
   -2.2525   0.00000   0.00000   0.00000   0.00000
   -2.2475   0.00000   0.00000   0.00000   0.00000
   -2.2425   0.00000   0.00000   0.00000   0.00000
   -2.2375   0.00000   0.00000   0.00000   0.00000
   -2.2325   0.00000   0.00000   0.00000   0.00000
   -2.2275   0.00000   0.00000   0.00000   0.00000
   -2.2225   0.00000   0.00000   0.00000   0.00000
   -2.2175   0.00000   0.00000   0.00000   0.00000
   -2.2125   0.00000   0.00000   0.00000   0.00000
   -2.2075   0.00000   0.00000   0.00000   0.00000
   -2.2025   0.00000   0.00000   0.00000   0.00000
   -2.1975   0.00000   0.00000   0.00000   0.00000
   -2.1925   0.00000   0.00000   0.00000   0.00000
   -2.1875   0.00000   0.00000   0.00000   0.00000
   -2.1825   0.00000   0.00000   0.00000   0.00000
   -2.1775   0.00000   0.00000   0.00000   0.00000
   -2.1725   0.00000   0.00000   0.00000   0.00000
   -2.1675   0.00000   0.00000   0.00000   0.00000
   -2.1625   0.00000   0.00000   0.00000   0.00000
   -2.1575   0.00000   0.00000   0.00000   0.00000
   -2.1525   0.00000   0.00000   0.00000   0.00000
   -2.1475   0.00000   0.00000   0.00000   0.00000
   -2.1425   0.00000   0.00000   0.00000   0.00000
   -2.1375   0.00000   0.00000   0.00000   0.00000
   -2.1325   0.00000   0.00000   0.00000   0.00000
   -2.1275   0.00000   0.00000   0.00000   0.00000
   -2.1225   0.00000   0.00000   0.00000   0.00000
   -2.1175   0.00000   0.00000   0.00000   0.00000
   -2.1125   0.00000   0.00000   0.00000   0.00000
   -2.1075   0.00000   0.00000   0.00000   0.00000
   -2.1025   0.00000   0.00000   0.00000   0.00000
   -2.0975   0.00000   0.00000   0.00000   0.00000
   -2.0925   0.00000   0.00000   0.00000   0.00000
   -2.0875   0.00000   0.00000   0.00000   0.00000
   -2.0825   0.00000   0.00000   0.00000   0.00000
   -2.0775   0.00000   0.00000   0.00000   0.00000
   -2.0725   0.00000   0.00000   0.00000   0.00000
   -2.0675   0.00000   0.00000   0.00000   0.00000
   -2.0625   0.00000   0.00000   0.00000   0.00000
   -2.0575   0.00000   0.00000   0.00000   0.00000
   -2.0525   0.00000   0.00000   0.00000   0.00000
   -2.0475   0.00000   0.00000   0.00000   0.00000
   -2.0425   0.00000   0.00000   0.00000   0.00000
   -2.0375   0.00000   0.00000   0.00000   0.00000
   -2.0325   0.00000   0.00000   0.00000   0.00000
   -2.0275   0.00000   0.00000   0.00000   0.00000
   -2.0225   0.00000   0.00000   0.00000   0.00000
   -2.0175   0.00000   0.00000   0.00000   0.00000
   -2.0125   0.00000   0.00000   0.00000   0.00000
   -2.0075   0.00000   0.00000   0.00000   0.00000
   -2.0025   0.00000   0.00000   0.00000   0.00000
   -1.9975   0.00000   0.00000   0.00000   0.00000
   -1.9925   0.00000   0.00000   0.00000   0.00000
   -1.9875   0.00000   0.00000   0.00000   0.00000
   -1.9825   0.00000   0.00000   0.00000   0.00000
   -1.9775   0.00000   0.00000   0.00000   0.00000
   -1.9725   0.00000   0.00000   0.00000   0.00000
   -1.9675   0.00000   0.00000   0.00000   0.00000
   -1.9625   0.00000   0.00000   0.00000   0.00000
   -1.9575   0.00000   0.00000   0.00000   0.00000
   -1.9525   0.00000   0.00000   0.00000   0.00000
   -1.9475   0.00000   0.00000   0.00000   0.00000
   -1.9425   0.00000   0.00000   0.00000   0.00000
   -1.9375   0.00000   0.00000   0.00000   0.00000
   -1.9325   0.00000   0.00000   0.00000   0.00000
   -1.9275   0.00000   0.00000   0.00000   0.00000
   -1.9225   0.00000   0.00000   0.00000   0.00000
   -1.9175   0.00000   0.00000   0.00000   0.00000
   -1.9125   0.00000   0.00000   0.00000   0.00000
   -1.9075   0.00000   0.00000   0.00000   0.00000
   -1.9025   0.00000   0.00000   0.00000   0.00000
   -1.8975   0.00000   0.00000   0.00000   0.00000
   -1.8925   0.00000   0.00000   0.00000   0.00000
   -1.8875   0.00000   0.00000   0.00000   0.00000
   -1.8825   0.00000   0.00000   0.00000   0.00000
   -1.8775   0.00000   0.00000   0.00000   0.00000
   -1.8725   0.00000   0.00000   0.00000   0.00000
   -1.8675   0.00000   0.00000   0.00000   0.00000
   -1.8625   0.00000   0.00000   0.00000   0.00000
   -1.8575   0.00000   0.00000   0.00000   0.00000
   -1.8525   0.00000   0.00000   0.00000   0.00000
   -1.8475   0.00000   0.00000   0.00000   0.00000
   -1.8425   0.00000   0.00000   0.00000   0.00000
   -1.8375   0.00000   0.00000   0.00000   0.00000
   -1.8325   0.00000   0.00000   0.00000   0.00000
   -1.8275   0.00000   0.00000   0.00000   0.00000
   -1.8225   0.00000   0.00000   0.00000   0.00000
   -1.8175   0.00000   0.00000   0.00000   0.00000
   -1.8125   0.00000   0.00000   0.00000   0.00000
   -1.8075   0.00000   0.00000   0.00000   0.00000
   -1.8025   0.00000   0.00000   0.00000   0.00000
   -1.7975   0.00000   0.00000   0.00000   0.00000
   -1.7925   0.00000   0.00000   0.00000   0.00000
   -1.7875   0.00000   0.00000   0.00000   0.00000
   -1.7825   0.00000   0.00000   0.00000   0.00000
   -1.7775   0.00000   0.00000   0.00000   0.00000
   -1.7725   0.00000   0.00000   0.00000   0.00000
   -1.7675   0.00000   0.00000   0.00000   0.00000
   -1.7625   0.00000   0.00000   0.00000   0.00000
   -1.7575   0.00000   0.00000   0.00000   0.00000
   -1.7525   0.00000   0.00000   0.00000   0.00000
   -1.7475   0.00000   0.00000   0.00000   0.00000
   -1.7425   0.00000   0.00000   0.00000   0.00000
   -1.7375   0.00000   0.00000   0.00000   0.00000
   -1.7325   0.00000   0.00000   0.00000   0.00000
   -1.7275   0.00000   0.00000   0.00000   0.00000
   -1.7225   0.00000   0.00000   0.00000   0.00000
   -1.7175   0.00000   0.00000   0.00000   0.00000
   -1.7125   0.00000   0.00000   0.00000   0.00000
   -1.7075   0.00000   0.00000   0.00000   0.00000
   -1.7025   0.00000   0.00000   0.00000   0.00000
   -1.6975   0.00000   0.00000   0.00000   0.00000
   -1.6925   0.00000   0.00000   0.00000   0.00000
   -1.6875   0.00000   0.00000   0.00000   0.00000
   -1.6825   0.00000   0.00000   0.00000   0.00000
   -1.6775   0.00000   0.00000   0.00000   0.00000
   -1.6725   0.00000   0.00000   0.00000   0.00000
   -1.6675   0.00000   0.00000   0.00000   0.00000
   -1.6625   0.00000   0.00000   0.00000   0.00000
   -1.6575   0.00000   0.00000   0.00000   0.00000
   -1.6525   0.00000   0.00000   0.00000   0.00000
   -1.6475   0.00000   0.00000   0.00000   0.00000
   -1.6425   0.00000   0.00000   0.00000   0.00000
   -1.6375   0.00000   0.00000   0.00000   0.00000
   -1.6325   0.00000   0.00000   0.00000   0.00000
   -1.6275   0.00000   0.00000   0.00000   0.00000
   -1.6225   0.00000   0.00000   0.00000   0.00000
   -1.6175   0.00000   0.00000   0.00000   0.00000
   -1.6125   0.00000   0.00000   0.00000   0.00000
   -1.6075   0.00000   0.00000   0.00000   0.00000
   -1.6025   0.00000   0.00000   0.00000   0.00000
   -1.5975   0.00000   0.00000   0.00000   0.00000
   -1.5925   0.00000   0.00000   0.00000   0.00000
   -1.5875   0.00000   0.00000   0.00000   0.00000
   -1.5825   0.00000   0.00000   0.00000   0.00000
   -1.5775   0.00000   0.00000   0.00000   0.00000
   -1.5725   0.00000   0.00000   0.00000   0.00000
   -1.5675   0.00000   0.00000   0.00000   0.00000
   -1.5625   0.00000   0.00000   0.00000   0.00000
   -1.5575   0.00000   0.00000   0.00000   0.00000
   -1.5525   0.00000   0.00000   0.00000   0.00000
   -1.5475   0.00000   0.00000   0.00000   0.00000
   -1.5425   0.00000   0.00000   0.00000   0.00000
   -1.5375   0.00000   0.00000   0.00000   0.00000
   -1.5325   0.00000   0.00000   0.00000   0.00000
   -1.5275   0.00000   0.00000   0.00000   0.00000
   -1.5225   0.00000   0.00000   0.00000   0.00000
   -1.5175   0.00000   0.00000   0.00000   0.00000
   -1.5125   0.00000   0.00000   0.00000   0.00000
   -1.5075   0.00000   0.00000   0.00000   0.00000
   -1.5025   0.00000   0.00000   0.00000   0.00000
   -1.4975   0.00000   0.00000   0.00000   0.00000
   -1.4925   0.00000   0.00000   0.00000   0.00000
   -1.4875   0.00000   0.00000   0.00000   0.00000
   -1.4825   0.00000   0.00000   0.00000   0.00000
   -1.4775   0.00000   0.00000   0.00000   0.00000
   -1.4725   0.00000   0.00000   0.00000   0.00000
   -1.4675   0.00000   0.00000   0.00000   0.00000
   -1.4625   0.00000   0.00000   0.00000   0.00000
   -1.4575   0.00000   0.00000   0.00000   0.00000
   -1.4525   0.00000   0.00000   0.00000   0.00000
   -1.4475   0.00000   0.00000   0.00000   0.00000
   -1.4425   0.00000   0.00000   0.00000   0.00000
   -1.4375   0.00000   0.00000   0.00000   0.00000
   -1.4325   0.00000   0.00000   0.00000   0.00000
   -1.4275   0.00000   0.00000   0.00000   0.00000
   -1.4225   0.00000   0.00000   0.00000   0.00000
   -1.4175   0.00000   0.00000   0.00000   0.00000
   -1.4125   0.00000   0.00000   0.00000   0.00000
   -1.4075   0.00000   0.00000   0.00000   0.00000
   -1.4025   0.00000   0.00000   0.00000   0.00000
   -1.3975   0.00000   0.00000   0.00000   0.00000
   -1.3925   0.00000   0.00000   0.00000   0.00000
   -1.3875   0.00000   0.00000   0.00000   0.00000
   -1.3825   0.00000   0.00000   0.00000   0.00000
   -1.3775   0.00000   0.00000   0.00000   0.00000
   -1.3725   0.00000   0.00000   0.00000   0.00000
   -1.3675   0.00000   0.00000   0.00000   0.00000
   -1.3625   0.00000   0.00000   0.00000   0.00000
   -1.3575   0.00000   0.00000   0.00000   0.00000
   -1.3525   0.00000   0.00000   0.00000   0.00000
   -1.3475   0.00000   0.00000   0.00000   0.00000
   -1.3425   0.00000   0.00000   0.00000   0.00000
   -1.3375   0.00000   0.00000   0.00000   0.00000
   -1.3325   0.00000   0.00000   0.00000   0.00000
   -1.3275   0.00000   0.00000   0.00000   0.00000
   -1.3225   0.00000   0.00000   0.00000   0.00000
   -1.3175   0.00000   0.00000   0.00000   0.00000
   -1.3125   0.00000   0.00000   0.00000   0.00000
   -1.3075   0.00000   0.00000   0.00000   0.00000
   -1.3025   0.00000   0.00000   0.00000   0.00000
   -1.2975   0.00000   0.00000   0.00000   0.00000
   -1.2925   0.00000   0.00000   0.00000   0.00000
   -1.2875   0.00000   0.00000   0.00000   0.00000
   -1.2825   0.00000   0.00000   0.00000   0.00000
   -1.2775   0.00000   0.00000   0.00000   0.00000
   -1.2725   0.00000   0.00000   0.00000   0.00000
   -1.2675   0.00000   0.00000   0.00000   0.00000
   -1.2625   0.00000   0.00000   0.00000   0.00000
   -1.2575   0.00000   0.00000   0.00000   0.00000
   -1.2525   0.00000   0.00000   0.00000   0.00000
   -1.2475   0.00000   0.00000   0.00000   0.00000
   -1.2425   0.00000   0.00000   0.00000   0.00000
   -1.2375   0.00000   0.00000   0.00000   0.00000
   -1.2325   0.00000   0.00000   0.00000   0.00000
   -1.2275   0.00000   0.00000   0.00000   0.00000
   -1.2225   0.00000   0.00000   0.00000   0.00000
   -1.2175   0.00000   0.00000   0.00000   0.00000
   -1.2125   0.00000   0.00000   0.00000   0.00000
   -1.2075   0.00000   0.00000   0.00000   0.00000
   -1.2025   0.00000   0.00000   0.00000   0.00000
   -1.1975   0.00000   0.00000   0.00000   0.00000
   -1.1925   0.00000   0.00000   0.00000   0.00000
   -1.1875   0.00000   0.00000   0.00000   0.00000
   -1.1825   0.00000   0.00000   0.00000   0.00000
   -1.1775   0.00000   0.00000   0.00000   0.00000
   -1.1725   0.00000   0.00000   0.00000   0.00000
   -1.1675   0.00000   0.00000   0.00000   0.00000
   -1.1625   0.00000   0.00000   0.00000   0.00000
   -1.1575   0.00000   0.00000   0.00000   0.00000
   -1.1525   0.00000   0.00000   0.00000   0.00000
   -1.1475   0.00000   0.00000   0.00000   0.00000
   -1.1425   0.00000   0.00000   0.00000   0.00000
   -1.1375   0.00000   0.00000   0.00000   0.00000
   -1.1325   0.00000   0.00000   0.00000   0.00000
   -1.1275   0.00000   0.00000   0.00000   0.00000
   -1.1225   0.00000   0.00000   0.00000   0.00000
   -1.1175   0.00000   0.00000   0.00000   0.00000
   -1.1125   0.00000   0.00000   0.00000   0.00000
   -1.1075   0.00000   0.00000   0.00000   0.00000
   -1.1025   0.00000   0.00000   0.00000   0.00000
   -1.0975   0.00000   0.00000   0.00000   0.00000
   -1.0925   0.00000   0.00000   0.00000   0.00000
   -1.0875   0.00000   0.00000   0.00000   0.00000
   -1.0825   0.00000   0.00000   0.00000   0.00000
   -1.0775   0.00000   0.00000   0.00000   0.00000
   -1.0725   0.00000   0.00000   0.00000   0.00000
   -1.0675   0.00000   0.00000   0.00000   0.00000
   -1.0625   0.00000   0.00000   0.00000   0.00000
   -1.0575   0.00000   0.00000   0.00000   0.00000
   -1.0525   0.00000   0.00000   0.00000   0.00000
   -1.0475   0.00000   0.00000   0.00000   0.00000
   -1.0425   0.00000   0.00000   0.00000   0.00000
   -1.0375   0.00000   0.00000   0.00000   0.00000
   -1.0325   0.00000   0.00000   0.00000   0.00000
   -1.0275   0.00000   0.00000   0.00000   0.00000
   -1.0225   0.00000   0.00000   0.00000   0.00000
   -1.0175   0.00000   0.00000   0.00000   0.00000
   -1.0125   0.00000   0.00000   0.00000   0.00000
   -1.0075   0.00000   0.00000   0.00000   0.00000
   -1.0025   0.00000   0.00000   0.00000   0.00000
   -0.9975   0.00004   0.00000   0.00000   0.00000
   -0.9925   0.00008   0.00000   0.00000   0.00000
   -0.9875   0.00016   0.00000   0.00000   0.00000
   -0.9825   0.00036   0.00000   0.00000   0.00000
   -0.9775   0.00072   0.00000   0.00000   0.00000
   -0.9725   0.00152   0.00000   0.00000   0.00000
   -0.9675   0.00172   0.00000   0.00000   0.00000
   -0.9625   0.00276   0.00004   0.00000   0.00000
   -0.9575   0.00280   0.00000   0.00000   0.00000
   -0.9525   0.00312   0.00000   0.00000   0.00000
   -0.9475   0.00452   0.00004   0.00000   0.00000
   -0.9425   0.00640   0.00012   0.00000   0.00000
   -0.9375   0.00668   0.00004   0.00000   0.00000
   -0.9325   0.00776   0.00012   0.00000   0.00000
   -0.9275   0.00888   0.00008   0.00000   0.00000
   -0.9225   0.01012   0.00028   0.00000   0.00000
   -0.9175   0.01120   0.00028   0.00000   0.00000
   -0.9125   0.01444   0.00032   0.00000   0.00000
   -0.9075   0.01516   0.00048   0.00000   0.00000
   -0.9025   0.01724   0.00052   0.00000   0.00000
   -0.8975   0.01676   0.00020   0.00000   0.00000
   -0.8925   0.01952   0.00024   0.00000   0.00000
   -0.8875   0.02084   0.00044   0.00000   0.00000
   -0.8825   0.02120   0.00092   0.00000   0.00000
   -0.8775   0.02576   0.00100   0.00000   0.00000
   -0.8725   0.02760   0.00096   0.00000   0.00000
   -0.8675   0.02868   0.00096   0.00000   0.00000
   -0.8625   0.03324   0.00148   0.00000   0.00000
   -0.8575   0.03384   0.00192   0.00000   0.00000
   -0.8525   0.03812   0.00288   0.00000   0.00000
   -0.8475   0.03984   0.00224   0.00000   0.00000
   -0.8425   0.04260   0.00248   0.00000   0.00000
   -0.8375   0.04492   0.00256   0.00000   0.00000
   -0.8325   0.04740   0.00296   0.00000   0.00000
   -0.8275   0.04860   0.00392   0.00000   0.00000
   -0.8225   0.05536   0.00344   0.00000   0.00000
   -0.8175   0.05540   0.00500   0.00004   0.00000
   -0.8125   0.05856   0.00444   0.00000   0.00000
   -0.8075   0.06276   0.00544   0.00000   0.00000
   -0.8025   0.06644   0.00656   0.00000   0.00000
   -0.7975   0.06928   0.00680   0.00000   0.00000
   -0.7925   0.07072   0.00656   0.00000   0.00000
   -0.7875   0.07560   0.00768   0.00000   0.00000
   -0.7825   0.07764   0.00936   0.00000   0.00000
   -0.7775   0.08612   0.00936   0.00000   0.00000
   -0.7725   0.08872   0.01112   0.00000   0.00000
   -0.7675   0.09160   0.01180   0.00008   0.00000
   -0.7625   0.09460   0.01368   0.00000   0.00000
   -0.7575   0.10208   0.01376   0.00004   0.00000
   -0.7525   0.10604   0.01540   0.00008   0.00000
   -0.7475   0.10704   0.01616   0.00012   0.00000
   -0.7425   0.10812   0.01840   0.00016   0.00000
   -0.7375   0.11656   0.01884   0.00016   0.00000
   -0.7325   0.12308   0.01984   0.00012   0.00000
   -0.7275   0.12684   0.02180   0.00036   0.00000
   -0.7225   0.12700   0.02324   0.00032   0.00000
   -0.7175   0.13612   0.02552   0.00048   0.00000
   -0.7125   0.13876   0.02984   0.00028   0.00000
   -0.7075   0.14424   0.02948   0.00020   0.00000
   -0.7025   0.15272   0.02924   0.00060   0.00000
   -0.6975   0.15404   0.03584   0.00044   0.00000
   -0.6925   0.16316   0.03668   0.00068   0.00000
   -0.6875   0.16360   0.03920   0.00076   0.00000
   -0.6825   0.17088   0.04240   0.00088   0.00000
   -0.6775   0.17476   0.04180   0.00072   0.00000
   -0.6725   0.17868   0.04692   0.00104   0.00000
   -0.6675   0.19144   0.04964   0.00108   0.00000
   -0.6625   0.19604   0.05244   0.00140   0.00000
   -0.6575   0.19496   0.05416   0.00180   0.00000
   -0.6525   0.20356   0.05840   0.00212   0.00000
   -0.6475   0.21044   0.06256   0.00248   0.00000
   -0.6425   0.21536   0.06676   0.00292   0.00000
   -0.6375   0.22052   0.07128   0.00224   0.00000
   -0.6325   0.23096   0.07380   0.00340   0.00000
   -0.6275   0.23596   0.07924   0.00368   0.00000
   -0.6225   0.23740   0.08344   0.00384   0.00000
   -0.6175   0.24888   0.08712   0.00504   0.00000
   -0.6125   0.25404   0.09368   0.00540   0.00000
   -0.6075   0.26064   0.09436   0.00592   0.00000
   -0.6025   0.27100   0.10492   0.00572   0.00000
   -0.5975   0.26952   0.10612   0.00732   0.00000
   -0.5925   0.27768   0.11160   0.00792   0.00000
   -0.5875   0.28808   0.11516   0.00860   0.00000
   -0.5825   0.29836   0.12404   0.01060   0.00000
   -0.5775   0.29604   0.12984   0.01104   0.00000
   -0.5725   0.30808   0.13688   0.01348   0.00000
   -0.5675   0.31160   0.14592   0.01436   0.00000
   -0.5625   0.31632   0.14972   0.01484   0.00000
   -0.5575   0.33308   0.15488   0.01644   0.00000
   -0.5525   0.34224   0.16560   0.01940   0.00000
   -0.5475   0.34320   0.16968   0.01912   0.00000
   -0.5425   0.35284   0.17864   0.02212   0.00000
   -0.5375   0.36332   0.18876   0.02424   0.00000
   -0.5325   0.36892   0.19408   0.02732   0.00000
   -0.5275   0.37528   0.20116   0.03060   0.00000
   -0.5225   0.38488   0.21152   0.03080   0.00000
   -0.5175   0.39788   0.21564   0.03324   0.00000
   -0.5125   0.40148   0.22800   0.03864   0.00000
   -0.5075   0.40596   0.24116   0.03984   0.00000
   -0.5025   0.41936   0.25020   0.04668   0.00000
   -0.4975   0.42820   0.25772   0.04720   0.00000
   -0.4925   0.43396   0.26672   0.05256   0.00000
   -0.4875   0.44648   0.26748   0.05880   0.00000
   -0.4825   0.45252   0.29096   0.06528   0.00000
   -0.4775   0.46248   0.29780   0.07204   0.00000
   -0.4725   0.47488   0.31180   0.07256   0.00000
   -0.4675   0.47924   0.32284   0.07664   0.00000
   -0.4625   0.49272   0.33440   0.08516   0.00000
   -0.4575   0.49264   0.34580   0.09076   0.00000
   -0.4525   0.50676   0.35308   0.09812   0.00000
   -0.4475   0.51624   0.37048   0.10872   0.00000
   -0.4425   0.52608   0.38792   0.11248   0.00000
   -0.4375   0.53868   0.38924   0.12244   0.00000
   -0.4325   0.54384   0.40136   0.12916   0.00000
   -0.4275   0.54884   0.41312   0.14340   0.00000
   -0.4225   0.56136   0.43488   0.15080   0.00000
   -0.4175   0.57200   0.44476   0.15968   0.00000
   -0.4125   0.57660   0.45372   0.17180   0.00000
   -0.4075   0.59452   0.48220   0.17876   0.00000
   -0.4025   0.61032   0.49320   0.19600   0.00000
   -0.3975   0.61508   0.50176   0.20852   0.00000
   -0.3925   0.62440   0.51296   0.21784   0.00000
   -0.3875   0.63688   0.53928   0.23544   0.00012
   -0.3825   0.63540   0.53756   0.24652   0.00008
   -0.3775   0.65636   0.55712   0.26740   0.00016
   -0.3725   0.66628   0.56828   0.28044   0.00008
   -0.3675   0.67692   0.58444   0.30212   0.00012
   -0.3625   0.68280   0.60816   0.31420   0.00012
   -0.3575   0.69120   0.62340   0.33008   0.00016
   -0.3525   0.70896   0.63780   0.34572   0.00036
   -0.3475   0.71536   0.65572   0.36752   0.00036
   -0.3425   0.72888   0.66952   0.38736   0.00052
   -0.3375   0.73052   0.69296   0.40136   0.00092
   -0.3325   0.76044   0.70024   0.42888   0.00084
   -0.3275   0.76032   0.72616   0.45732   0.00116
   -0.3225   0.77388   0.74200   0.47896   0.00204
   -0.3175   0.77952   0.74820   0.49800   0.00216
   -0.3125   0.78660   0.76756   0.52632   0.00232
   -0.3075   0.80404   0.77768   0.53932   0.00348
   -0.3025   0.81892   0.80736   0.56712   0.00436
   -0.2975   0.81944   0.82488   0.59744   0.00516
   -0.2925   0.83576   0.83480   0.62968   0.00736
   -0.2875   0.83044   0.85736   0.64696   0.00956
   -0.2825   0.84656   0.86500   0.68012   0.01120
   -0.2775   0.86540   0.88872   0.70380   0.01460
   -0.2725   0.87752   0.90648   0.74128   0.01720
   -0.2675   0.88544   0.91804   0.75616   0.02096
   -0.2625   0.89704   0.93388   0.79652   0.02640
   -0.2575   0.90752   0.95352   0.82964   0.03328
   -0.2525   0.90808   0.97500   0.86036   0.03668
   -0.2475   0.92088   0.98568   0.89420   0.04676
   -0.2425   0.92116   0.99952   0.92464   0.05828
   -0.2375   0.93348   1.03692   0.95800   0.07028
   -0.2325   0.94348   1.04400   0.98360   0.07992
   -0.2275   0.94812   1.06756   1.01420   0.09684
   -0.2225   0.96252   1.06672   1.06668   0.11372
   -0.2175   0.96544   1.10296   1.10012   0.13852
   -0.2125   0.96828   1.11216   1.13692   0.16592
   -0.2075   0.97400   1.11136   1.16548   0.19208
   -0.2025   0.99588   1.13492   1.19748   0.22616
   -0.1975   0.99888   1.15888   1.24436   0.26132
   -0.1925   1.00808   1.16884   1.27828   0.30108
   -0.1875   1.00368   1.18672   1.29132   0.35468
   -0.1825   1.01528   1.19732   1.34076   0.40772
   -0.1775   1.02436   1.21752   1.36796   0.46816
   -0.1725   1.02212   1.22804   1.41152   0.53044
   -0.1675   1.03208   1.23792   1.45024   0.59820
   -0.1625   1.03652   1.24640   1.48420   0.67360
   -0.1575   1.03612   1.28036   1.50988   0.76248
   -0.1525   1.05156   1.28072   1.54636   0.85416
   -0.1475   1.04108   1.30748   1.58264   0.94664
   -0.1425   1.06772   1.30692   1.59956   1.06904
   -0.1375   1.06812   1.33488   1.64240   1.20524
   -0.1325   1.06256   1.31828   1.66496   1.30888
   -0.1275   1.07024   1.33764   1.71568   1.45304
   -0.1225   1.06720   1.35420   1.74104   1.59772
   -0.1175   1.07656   1.36524   1.78272   1.73680
   -0.1125   1.07716   1.38784   1.80336   1.90356
   -0.1075   1.08316   1.39468   1.83640   2.07384
   -0.1025   1.09352   1.41348   1.84412   2.22564
   -0.0975   1.09316   1.40456   1.89368   2.40724
   -0.0925   1.08852   1.40668   1.91848   2.56632
   -0.0875   1.10200   1.41344   1.94380   2.76964
   -0.0825   1.10564   1.43636   1.94624   2.94060
   -0.0775   1.09128   1.44908   1.98524   3.12268
   -0.0725   1.10992   1.44576   2.00520   3.31600
   -0.0675   1.09888   1.45752   2.01080   3.46260
   -0.0625   1.11320   1.44616   2.02808   3.64888
   -0.0575   1.10936   1.46128   2.06988   3.82196
   -0.0525   1.12060   1.47192   2.06284   3.95940
   -0.0475   1.11712   1.48944   2.08000   4.11652
   -0.0425   1.11356   1.47956   2.10572   4.25460
   -0.0375   1.12520   1.47660   2.10892   4.39556
   -0.0325   1.11792   1.49736   2.11804   4.52588
   -0.0275   1.12996   1.48880   2.13388   4.60496
   -0.0225   1.12796   1.50280   2.12352   4.68564
   -0.0175   1.11392   1.51076   2.15564   4.76432
   -0.0125   1.12672   1.50084   2.13580   4.82464
   -0.0075   1.12912   1.49684   2.15668   4.84844
   -0.0025   1.11824   1.49780   2.13200   4.87700
    0.0025   1.12352   1.47764   2.14980   4.85864
    0.0075   1.11956   1.49416   2.14456   4.84500
    0.0125   1.12056   1.48764   2.14764   4.80904
    0.0175   1.13356   1.48700   2.13832   4.77224
    0.0225   1.12580   1.50500   2.13616   4.67436
    0.0275   1.11500   1.49852   2.15496   4.59540
    0.0325   1.10940   1.49740   2.12332   4.48908
    0.0375   1.11176   1.47904   2.10016   4.39916
    0.0425   1.11584   1.48028   2.11172   4.25688
    0.0475   1.12520   1.47204   2.07120   4.10736
    0.0525   1.11544   1.47032   2.07528   3.98244
    0.0575   1.12200   1.46256   2.06928   3.80224
    0.0625   1.11484   1.44572   2.02440   3.65372
    0.0675   1.10244   1.46072   2.01168   3.49856
    0.0725   1.10584   1.45880   2.00868   3.30912
    0.0775   1.09400   1.43992   1.98880   3.10452
    0.0825   1.09924   1.42292   1.95008   2.95084
    0.0875   1.09660   1.42700   1.92336   2.75888
    0.0925   1.09620   1.40816   1.91660   2.56564
    0.0975   1.09460   1.40112   1.88164   2.42196
    0.1025   1.09512   1.39460   1.85224   2.22772
    0.1075   1.08592   1.39136   1.82808   2.05152
    0.1125   1.08304   1.37036   1.79368   1.88432
    0.1175   1.07656   1.36108   1.77344   1.74196
    0.1225   1.08324   1.34744   1.73028   1.59448
    0.1275   1.07244   1.34888   1.70516   1.44880
    0.1325   1.07340   1.32668   1.66664   1.30488
    0.1375   1.06540   1.32428   1.64048   1.20608
    0.1425   1.06820   1.31292   1.60944   1.06488
    0.1475   1.05348   1.29960   1.59504   0.96004
    0.1525   1.04492   1.27088   1.55232   0.86276
    0.1575   1.05680   1.26224   1.50572   0.77692
    0.1625   1.03884   1.25528   1.46780   0.67620
    0.1675   1.02968   1.25096   1.43804   0.59152
    0.1725   1.02092   1.21512   1.41216   0.52520
    0.1775   1.04308   1.22548   1.37160   0.45680
    0.1825   1.00696   1.20036   1.33948   0.40616
    0.1875   0.99628   1.18160   1.31004   0.34892
    0.1925   0.98868   1.16960   1.27452   0.30536
    0.1975   0.99764   1.15328   1.24340   0.26644
    0.2025   0.99088   1.14576   1.17908   0.22412
    0.2075   0.97628   1.12728   1.15308   0.19460
    0.2125   0.96264   1.10676   1.12816   0.16732
    0.2175   0.96424   1.09164   1.08876   0.14276
    0.2225   0.96368   1.06432   1.06556   0.12076
    0.2275   0.95048   1.06640   1.02204   0.09972
    0.2325   0.93372   1.04108   0.99424   0.08356
    0.2375   0.93552   1.02616   0.95460   0.06584
    0.2425   0.92232   1.01492   0.92764   0.05972
    0.2475   0.92820   0.99488   0.89132   0.04712
    0.2525   0.90164   0.96660   0.85892   0.03976
    0.2575   0.89964   0.95272   0.83584   0.03012
    0.2625   0.89092   0.93516   0.79520   0.02776
    0.2675   0.88056   0.91932   0.76500   0.02032
    0.2725   0.86548   0.90352   0.74008   0.01720
    0.2775   0.86700   0.89156   0.71024   0.01496
    0.2825   0.85744   0.86456   0.67856   0.01180
    0.2875   0.84952   0.85884   0.64860   0.00840
    0.2925   0.83196   0.83244   0.62688   0.00712
    0.2975   0.82884   0.82584   0.59892   0.00548
    0.3025   0.81104   0.81008   0.57176   0.00468
    0.3075   0.80832   0.78380   0.54644   0.00352
    0.3125   0.78844   0.77200   0.52268   0.00308
    0.3175   0.79224   0.74864   0.49992   0.00192
    0.3225   0.76660   0.74424   0.47280   0.00184
    0.3275   0.76840   0.71896   0.45456   0.00108
    0.3325   0.75300   0.70152   0.43536   0.00080
    0.3375   0.73728   0.68660   0.41104   0.00092
    0.3425   0.72608   0.67836   0.38660   0.00052
    0.3475   0.72928   0.66176   0.36668   0.00032
    0.3525   0.70396   0.63956   0.34828   0.00056
    0.3575   0.68992   0.61736   0.32832   0.00020
    0.3625   0.67448   0.61372   0.31248   0.00016
    0.3675   0.68332   0.58824   0.29384   0.00008
    0.3725   0.66624   0.58124   0.27756   0.00004
    0.3775   0.65404   0.55848   0.26116   0.00020
    0.3825   0.65028   0.54200   0.25100   0.00008
    0.3875   0.63592   0.53132   0.23000   0.00004
    0.3925   0.61816   0.51740   0.21856   0.00004
    0.3975   0.61200   0.49720   0.20844   0.00000
    0.4025   0.60668   0.48896   0.19600   0.00004
    0.4075   0.58884   0.47492   0.18180   0.00004
    0.4125   0.57592   0.45756   0.17212   0.00000
    0.4175   0.56776   0.44444   0.16144   0.00000
    0.4225   0.55916   0.42960   0.15200   0.00000
    0.4275   0.55988   0.42372   0.13996   0.00000
    0.4325   0.54752   0.40084   0.13124   0.00000
    0.4375   0.54200   0.39548   0.12180   0.00000
    0.4425   0.52800   0.38608   0.11720   0.00000
    0.4475   0.51724   0.37492   0.10288   0.00000
    0.4525   0.50856   0.35792   0.09684   0.00000
    0.4575   0.49860   0.34388   0.09264   0.00000
    0.4625   0.49256   0.32820   0.08632   0.00000
    0.4675   0.47844   0.31432   0.07672   0.00000
    0.4725   0.47412   0.30844   0.07024   0.00000
    0.4775   0.46248   0.29216   0.06816   0.00000
    0.4825   0.44684   0.28700   0.06464   0.00000
    0.4875   0.44348   0.27672   0.05868   0.00000
    0.4925   0.43524   0.26608   0.05588   0.00000
    0.4975   0.42724   0.25528   0.04760   0.00000
    0.5025   0.41920   0.24464   0.04376   0.00000
    0.5075   0.41332   0.24168   0.04100   0.00000
    0.5125   0.39848   0.23216   0.03692   0.00000
    0.5175   0.39496   0.21736   0.03408   0.00000
    0.5225   0.37512   0.20716   0.03112   0.00000
    0.5275   0.37988   0.20824   0.02888   0.00000
    0.5325   0.36064   0.18884   0.02808   0.00000
    0.5375   0.36388   0.18252   0.02580   0.00000
    0.5425   0.36300   0.17932   0.02136   0.00000
    0.5475   0.35240   0.17400   0.01988   0.00000
    0.5525   0.33972   0.16644   0.01780   0.00000
    0.5575   0.32468   0.15336   0.01656   0.00000
    0.5625   0.32708   0.14864   0.01500   0.00000
    0.5675   0.31828   0.14416   0.01492   0.00000
    0.5725   0.30416   0.13816   0.01208   0.00000
    0.5775   0.30116   0.12728   0.01172   0.00000
    0.5825   0.29684   0.12244   0.01040   0.00000
    0.5875   0.28892   0.11704   0.00876   0.00000
    0.5925   0.28472   0.11404   0.00932   0.00000
    0.5975   0.27412   0.10656   0.00692   0.00000
    0.6025   0.26616   0.10292   0.00568   0.00000
    0.6075   0.26076   0.09796   0.00612   0.00000
    0.6125   0.25400   0.09196   0.00520   0.00000
    0.6175   0.24604   0.09040   0.00388   0.00000
    0.6225   0.24084   0.08360   0.00484   0.00000
    0.6275   0.23616   0.07744   0.00364   0.00000
    0.6325   0.22932   0.07312   0.00340   0.00000
    0.6375   0.21872   0.07116   0.00292   0.00000
    0.6425   0.21060   0.06744   0.00260   0.00000
    0.6475   0.20480   0.06340   0.00176   0.00000
    0.6525   0.20640   0.05868   0.00168   0.00000
    0.6575   0.20364   0.05564   0.00152   0.00000
    0.6625   0.18896   0.05412   0.00172   0.00000
    0.6675   0.18580   0.05220   0.00204   0.00000
    0.6725   0.17904   0.04840   0.00128   0.00000
    0.6775   0.17520   0.04412   0.00108   0.00000
    0.6825   0.16700   0.04180   0.00080   0.00000
    0.6875   0.16320   0.04228   0.00088   0.00000
    0.6925   0.16292   0.03648   0.00052   0.00000
    0.6975   0.15728   0.03416   0.00036   0.00000
    0.7025   0.15208   0.03144   0.00028   0.00000
    0.7075   0.14524   0.02996   0.00060   0.00000
    0.7125   0.14040   0.02748   0.00024   0.00000
    0.7175   0.13420   0.02616   0.00012   0.00000
    0.7225   0.12924   0.02448   0.00020   0.00000
    0.7275   0.12280   0.02272   0.00032   0.00000
    0.7325   0.11772   0.02144   0.00016   0.00000
    0.7375   0.11892   0.01824   0.00008   0.00000
    0.7425   0.11120   0.01760   0.00012   0.00000
    0.7475   0.10756   0.01568   0.00008   0.00000
    0.7525   0.09980   0.01600   0.00004   0.00000
    0.7575   0.09888   0.01408   0.00016   0.00000
    0.7625   0.09208   0.01172   0.00000   0.00000
    0.7675   0.09276   0.01208   0.00012   0.00000
    0.7725   0.08800   0.01108   0.00008   0.00000
    0.7775   0.08348   0.00948   0.00004   0.00000
    0.7825   0.08180   0.00776   0.00000   0.00000
    0.7875   0.07624   0.00796   0.00004   0.00000
    0.7925   0.07376   0.00868   0.00000   0.00000
    0.7975   0.07152   0.00732   0.00000   0.00000
    0.8025   0.06552   0.00692   0.00000   0.00000
    0.8075   0.06148   0.00620   0.00000   0.00000
    0.8125   0.05660   0.00456   0.00000   0.00000
    0.8175   0.05216   0.00452   0.00000   0.00000
    0.8225   0.05448   0.00356   0.00000   0.00000
    0.8275   0.05212   0.00316   0.00000   0.00000
    0.8325   0.04888   0.00308   0.00000   0.00000
    0.8375   0.04676   0.00300   0.00000   0.00000
    0.8425   0.04304   0.00328   0.00000   0.00000
    0.8475   0.03816   0.00176   0.00000   0.00000
    0.8525   0.03704   0.00212   0.00000   0.00000
    0.8575   0.03392   0.00196   0.00000   0.00000
    0.8625   0.03116   0.00144   0.00000   0.00000
    0.8675   0.03008   0.00132   0.00000   0.00000
    0.8725   0.02640   0.00112   0.00000   0.00000
    0.8775   0.02572   0.00088   0.00000   0.00000
    0.8825   0.02292   0.00064   0.00000   0.00000
    0.8875   0.02236   0.00064   0.00000   0.00000
    0.8925   0.01844   0.00068   0.00000   0.00000
    0.8975   0.01624   0.00048   0.00000   0.00000
    0.9025   0.01604   0.00052   0.00000   0.00000
    0.9075   0.01376   0.00036   0.00000   0.00000
    0.9125   0.01244   0.00016   0.00000   0.00000
    0.9175   0.01172   0.00040   0.00000   0.00000
    0.9225   0.00924   0.00012   0.00000   0.00000
    0.9275   0.00716   0.00012   0.00000   0.00000
    0.9325   0.00696   0.00000   0.00000   0.00000
    0.9375   0.00620   0.00000   0.00000   0.00000
    0.9425   0.00536   0.00008   0.00000   0.00000
    0.9475   0.00476   0.00000   0.00000   0.00000
    0.9525   0.00332   0.00000   0.00000   0.00000
    0.9575   0.00280   0.00000   0.00000   0.00000
    0.9625   0.00228   0.00000   0.00000   0.00000
    0.9675   0.00184   0.00000   0.00000   0.00000
    0.9725   0.00124   0.00000   0.00000   0.00000
    0.9775   0.00080   0.00000   0.00000   0.00000
    0.9825   0.00040   0.00000   0.00000   0.00000
    0.9875   0.00012   0.00000   0.00000   0.00000
    0.9925   0.00016   0.00000   0.00000   0.00000
    0.9975   0.00004   0.00000   0.00000   0.00000
    1.0025   0.00000   0.00000   0.00000   0.00000
    1.0075   0.00000   0.00000   0.00000   0.00000
    1.0125   0.00000   0.00000   0.00000   0.00000
    1.0175   0.00000   0.00000   0.00000   0.00000
    1.0225   0.00000   0.00000   0.00000   0.00000
    1.0275   0.00000   0.00000   0.00000   0.00000
    1.0325   0.00000   0.00000   0.00000   0.00000
    1.0375   0.00000   0.00000   0.00000   0.00000
    1.0425   0.00000   0.00000   0.00000   0.00000
    1.0475   0.00000   0.00000   0.00000   0.00000
    1.0525   0.00000   0.00000   0.00000   0.00000
    1.0575   0.00000   0.00000   0.00000   0.00000
    1.0625   0.00000   0.00000   0.00000   0.00000
    1.0675   0.00000   0.00000   0.00000   0.00000
    1.0725   0.00000   0.00000   0.00000   0.00000
    1.0775   0.00000   0.00000   0.00000   0.00000
    1.0825   0.00000   0.00000   0.00000   0.00000
    1.0875   0.00000   0.00000   0.00000   0.00000
    1.0925   0.00000   0.00000   0.00000   0.00000
    1.0975   0.00000   0.00000   0.00000   0.00000
    1.1025   0.00000   0.00000   0.00000   0.00000
    1.1075   0.00000   0.00000   0.00000   0.00000
    1.1125   0.00000   0.00000   0.00000   0.00000
    1.1175   0.00000   0.00000   0.00000   0.00000
    1.1225   0.00000   0.00000   0.00000   0.00000
    1.1275   0.00000   0.00000   0.00000   0.00000
    1.1325   0.00000   0.00000   0.00000   0.00000
    1.1375   0.00000   0.00000   0.00000   0.00000
    1.1425   0.00000   0.00000   0.00000   0.00000
    1.1475   0.00000   0.00000   0.00000   0.00000
    1.1525   0.00000   0.00000   0.00000   0.00000
    1.1575   0.00000   0.00000   0.00000   0.00000
    1.1625   0.00000   0.00000   0.00000   0.00000
    1.1675   0.00000   0.00000   0.00000   0.00000
    1.1725   0.00000   0.00000   0.00000   0.00000
    1.1775   0.00000   0.00000   0.00000   0.00000
    1.1825   0.00000   0.00000   0.00000   0.00000
    1.1875   0.00000   0.00000   0.00000   0.00000
    1.1925   0.00000   0.00000   0.00000   0.00000
    1.1975   0.00000   0.00000   0.00000   0.00000
    1.2025   0.00000   0.00000   0.00000   0.00000
    1.2075   0.00000   0.00000   0.00000   0.00000
    1.2125   0.00000   0.00000   0.00000   0.00000
    1.2175   0.00000   0.00000   0.00000   0.00000
    1.2225   0.00000   0.00000   0.00000   0.00000
    1.2275   0.00000   0.00000   0.00000   0.00000
    1.2325   0.00000   0.00000   0.00000   0.00000
    1.2375   0.00000   0.00000   0.00000   0.00000
    1.2425   0.00000   0.00000   0.00000   0.00000
    1.2475   0.00000   0.00000   0.00000   0.00000
    1.2525   0.00000   0.00000   0.00000   0.00000
    1.2575   0.00000   0.00000   0.00000   0.00000
    1.2625   0.00000   0.00000   0.00000   0.00000
    1.2675   0.00000   0.00000   0.00000   0.00000
    1.2725   0.00000   0.00000   0.00000   0.00000
    1.2775   0.00000   0.00000   0.00000   0.00000
    1.2825   0.00000   0.00000   0.00000   0.00000
    1.2875   0.00000   0.00000   0.00000   0.00000
    1.2925   0.00000   0.00000   0.00000   0.00000
    1.2975   0.00000   0.00000   0.00000   0.00000
    1.3025   0.00000   0.00000   0.00000   0.00000
    1.3075   0.00000   0.00000   0.00000   0.00000
    1.3125   0.00000   0.00000   0.00000   0.00000
    1.3175   0.00000   0.00000   0.00000   0.00000
    1.3225   0.00000   0.00000   0.00000   0.00000
    1.3275   0.00000   0.00000   0.00000   0.00000
    1.3325   0.00000   0.00000   0.00000   0.00000
    1.3375   0.00000   0.00000   0.00000   0.00000
    1.3425   0.00000   0.00000   0.00000   0.00000
    1.3475   0.00000   0.00000   0.00000   0.00000
    1.3525   0.00000   0.00000   0.00000   0.00000
    1.3575   0.00000   0.00000   0.00000   0.00000
    1.3625   0.00000   0.00000   0.00000   0.00000
    1.3675   0.00000   0.00000   0.00000   0.00000
    1.3725   0.00000   0.00000   0.00000   0.00000
    1.3775   0.00000   0.00000   0.00000   0.00000
    1.3825   0.00000   0.00000   0.00000   0.00000
    1.3875   0.00000   0.00000   0.00000   0.00000
    1.3925   0.00000   0.00000   0.00000   0.00000
    1.3975   0.00000   0.00000   0.00000   0.00000
    1.4025   0.00000   0.00000   0.00000   0.00000
    1.4075   0.00000   0.00000   0.00000   0.00000
    1.4125   0.00000   0.00000   0.00000   0.00000
    1.4175   0.00000   0.00000   0.00000   0.00000
    1.4225   0.00000   0.00000   0.00000   0.00000
    1.4275   0.00000   0.00000   0.00000   0.00000
    1.4325   0.00000   0.00000   0.00000   0.00000
    1.4375   0.00000   0.00000   0.00000   0.00000
    1.4425   0.00000   0.00000   0.00000   0.00000
    1.4475   0.00000   0.00000   0.00000   0.00000
    1.4525   0.00000   0.00000   0.00000   0.00000
    1.4575   0.00000   0.00000   0.00000   0.00000
    1.4625   0.00000   0.00000   0.00000   0.00000
    1.4675   0.00000   0.00000   0.00000   0.00000
    1.4725   0.00000   0.00000   0.00000   0.00000
    1.4775   0.00000   0.00000   0.00000   0.00000
    1.4825   0.00000   0.00000   0.00000   0.00000
    1.4875   0.00000   0.00000   0.00000   0.00000
    1.4925   0.00000   0.00000   0.00000   0.00000
    1.4975   0.00000   0.00000   0.00000   0.00000
    1.5025   0.00000   0.00000   0.00000   0.00000
    1.5075   0.00000   0.00000   0.00000   0.00000
    1.5125   0.00000   0.00000   0.00000   0.00000
    1.5175   0.00000   0.00000   0.00000   0.00000
    1.5225   0.00000   0.00000   0.00000   0.00000
    1.5275   0.00000   0.00000   0.00000   0.00000
    1.5325   0.00000   0.00000   0.00000   0.00000
    1.5375   0.00000   0.00000   0.00000   0.00000
    1.5425   0.00000   0.00000   0.00000   0.00000
    1.5475   0.00000   0.00000   0.00000   0.00000
    1.5525   0.00000   0.00000   0.00000   0.00000
    1.5575   0.00000   0.00000   0.00000   0.00000
    1.5625   0.00000   0.00000   0.00000   0.00000
    1.5675   0.00000   0.00000   0.00000   0.00000
    1.5725   0.00000   0.00000   0.00000   0.00000
    1.5775   0.00000   0.00000   0.00000   0.00000
    1.5825   0.00000   0.00000   0.00000   0.00000
    1.5875   0.00000   0.00000   0.00000   0.00000
    1.5925   0.00000   0.00000   0.00000   0.00000
    1.5975   0.00000   0.00000   0.00000   0.00000
    1.6025   0.00000   0.00000   0.00000   0.00000
    1.6075   0.00000   0.00000   0.00000   0.00000
    1.6125   0.00000   0.00000   0.00000   0.00000
    1.6175   0.00000   0.00000   0.00000   0.00000
    1.6225   0.00000   0.00000   0.00000   0.00000
    1.6275   0.00000   0.00000   0.00000   0.00000
    1.6325   0.00000   0.00000   0.00000   0.00000
    1.6375   0.00000   0.00000   0.00000   0.00000
    1.6425   0.00000   0.00000   0.00000   0.00000
    1.6475   0.00000   0.00000   0.00000   0.00000
    1.6525   0.00000   0.00000   0.00000   0.00000
    1.6575   0.00000   0.00000   0.00000   0.00000
    1.6625   0.00000   0.00000   0.00000   0.00000
    1.6675   0.00000   0.00000   0.00000   0.00000
    1.6725   0.00000   0.00000   0.00000   0.00000
    1.6775   0.00000   0.00000   0.00000   0.00000
    1.6825   0.00000   0.00000   0.00000   0.00000
    1.6875   0.00000   0.00000   0.00000   0.00000
    1.6925   0.00000   0.00000   0.00000   0.00000
    1.6975   0.00000   0.00000   0.00000   0.00000
    1.7025   0.00000   0.00000   0.00000   0.00000
    1.7075   0.00000   0.00000   0.00000   0.00000
    1.7125   0.00000   0.00000   0.00000   0.00000
    1.7175   0.00000   0.00000   0.00000   0.00000
    1.7225   0.00000   0.00000   0.00000   0.00000
    1.7275   0.00000   0.00000   0.00000   0.00000
    1.7325   0.00000   0.00000   0.00000   0.00000
    1.7375   0.00000   0.00000   0.00000   0.00000
    1.7425   0.00000   0.00000   0.00000   0.00000
    1.7475   0.00000   0.00000   0.00000   0.00000
    1.7525   0.00000   0.00000   0.00000   0.00000
    1.7575   0.00000   0.00000   0.00000   0.00000
    1.7625   0.00000   0.00000   0.00000   0.00000
    1.7675   0.00000   0.00000   0.00000   0.00000
    1.7725   0.00000   0.00000   0.00000   0.00000
    1.7775   0.00000   0.00000   0.00000   0.00000
    1.7825   0.00000   0.00000   0.00000   0.00000
    1.7875   0.00000   0.00000   0.00000   0.00000
    1.7925   0.00000   0.00000   0.00000   0.00000
    1.7975   0.00000   0.00000   0.00000   0.00000
    1.8025   0.00000   0.00000   0.00000   0.00000
    1.8075   0.00000   0.00000   0.00000   0.00000
    1.8125   0.00000   0.00000   0.00000   0.00000
    1.8175   0.00000   0.00000   0.00000   0.00000
    1.8225   0.00000   0.00000   0.00000   0.00000
    1.8275   0.00000   0.00000   0.00000   0.00000
    1.8325   0.00000   0.00000   0.00000   0.00000
    1.8375   0.00000   0.00000   0.00000   0.00000
    1.8425   0.00000   0.00000   0.00000   0.00000
    1.8475   0.00000   0.00000   0.00000   0.00000
    1.8525   0.00000   0.00000   0.00000   0.00000
    1.8575   0.00000   0.00000   0.00000   0.00000
    1.8625   0.00000   0.00000   0.00000   0.00000
    1.8675   0.00000   0.00000   0.00000   0.00000
    1.8725   0.00000   0.00000   0.00000   0.00000
    1.8775   0.00000   0.00000   0.00000   0.00000
    1.8825   0.00000   0.00000   0.00000   0.00000
    1.8875   0.00000   0.00000   0.00000   0.00000
    1.8925   0.00000   0.00000   0.00000   0.00000
    1.8975   0.00000   0.00000   0.00000   0.00000
    1.9025   0.00000   0.00000   0.00000   0.00000
    1.9075   0.00000   0.00000   0.00000   0.00000
    1.9125   0.00000   0.00000   0.00000   0.00000
    1.9175   0.00000   0.00000   0.00000   0.00000
    1.9225   0.00000   0.00000   0.00000   0.00000
    1.9275   0.00000   0.00000   0.00000   0.00000
    1.9325   0.00000   0.00000   0.00000   0.00000
    1.9375   0.00000   0.00000   0.00000   0.00000
    1.9425   0.00000   0.00000   0.00000   0.00000
    1.9475   0.00000   0.00000   0.00000   0.00000
    1.9525   0.00000   0.00000   0.00000   0.00000
    1.9575   0.00000   0.00000   0.00000   0.00000
    1.9625   0.00000   0.00000   0.00000   0.00000
    1.9675   0.00000   0.00000   0.00000   0.00000
    1.9725   0.00000   0.00000   0.00000   0.00000
    1.9775   0.00000   0.00000   0.00000   0.00000
    1.9825   0.00000   0.00000   0.00000   0.00000
    1.9875   0.00000   0.00000   0.00000   0.00000
    1.9925   0.00000   0.00000   0.00000   0.00000
    1.9975   0.00000   0.00000   0.00000   0.00000
    2.0025   0.00000   0.00000   0.00000   0.00000
    2.0075   0.00000   0.00000   0.00000   0.00000
    2.0125   0.00000   0.00000   0.00000   0.00000
    2.0175   0.00000   0.00000   0.00000   0.00000
    2.0225   0.00000   0.00000   0.00000   0.00000
    2.0275   0.00000   0.00000   0.00000   0.00000
    2.0325   0.00000   0.00000   0.00000   0.00000
    2.0375   0.00000   0.00000   0.00000   0.00000
    2.0425   0.00000   0.00000   0.00000   0.00000
    2.0475   0.00000   0.00000   0.00000   0.00000
    2.0525   0.00000   0.00000   0.00000   0.00000
    2.0575   0.00000   0.00000   0.00000   0.00000
    2.0625   0.00000   0.00000   0.00000   0.00000
    2.0675   0.00000   0.00000   0.00000   0.00000
    2.0725   0.00000   0.00000   0.00000   0.00000
    2.0775   0.00000   0.00000   0.00000   0.00000
    2.0825   0.00000   0.00000   0.00000   0.00000
    2.0875   0.00000   0.00000   0.00000   0.00000
    2.0925   0.00000   0.00000   0.00000   0.00000
    2.0975   0.00000   0.00000   0.00000   0.00000
    2.1025   0.00000   0.00000   0.00000   0.00000
    2.1075   0.00000   0.00000   0.00000   0.00000
    2.1125   0.00000   0.00000   0.00000   0.00000
    2.1175   0.00000   0.00000   0.00000   0.00000
    2.1225   0.00000   0.00000   0.00000   0.00000
    2.1275   0.00000   0.00000   0.00000   0.00000
    2.1325   0.00000   0.00000   0.00000   0.00000
    2.1375   0.00000   0.00000   0.00000   0.00000
    2.1425   0.00000   0.00000   0.00000   0.00000
    2.1475   0.00000   0.00000   0.00000   0.00000
    2.1525   0.00000   0.00000   0.00000   0.00000
    2.1575   0.00000   0.00000   0.00000   0.00000
    2.1625   0.00000   0.00000   0.00000   0.00000
    2.1675   0.00000   0.00000   0.00000   0.00000
    2.1725   0.00000   0.00000   0.00000   0.00000
    2.1775   0.00000   0.00000   0.00000   0.00000
    2.1825   0.00000   0.00000   0.00000   0.00000
    2.1875   0.00000   0.00000   0.00000   0.00000
    2.1925   0.00000   0.00000   0.00000   0.00000
    2.1975   0.00000   0.00000   0.00000   0.00000
    2.2025   0.00000   0.00000   0.00000   0.00000
    2.2075   0.00000   0.00000   0.00000   0.00000
    2.2125   0.00000   0.00000   0.00000   0.00000
    2.2175   0.00000   0.00000   0.00000   0.00000
    2.2225   0.00000   0.00000   0.00000   0.00000
    2.2275   0.00000   0.00000   0.00000   0.00000
    2.2325   0.00000   0.00000   0.00000   0.00000
    2.2375   0.00000   0.00000   0.00000   0.00000
    2.2425   0.00000   0.00000   0.00000   0.00000
    2.2475   0.00000   0.00000   0.00000   0.00000
    2.2525   0.00000   0.00000   0.00000   0.00000
    2.2575   0.00000   0.00000   0.00000   0.00000
    2.2625   0.00000   0.00000   0.00000   0.00000
    2.2675   0.00000   0.00000   0.00000   0.00000
    2.2725   0.00000   0.00000   0.00000   0.00000
    2.2775   0.00000   0.00000   0.00000   0.00000
    2.2825   0.00000   0.00000   0.00000   0.00000
    2.2875   0.00000   0.00000   0.00000   0.00000
    2.2925   0.00000   0.00000   0.00000   0.00000
    2.2975   0.00000   0.00000   0.00000   0.00000
    2.3025   0.00000   0.00000   0.00000   0.00000
    2.3075   0.00000   0.00000   0.00000   0.00000
    2.3125   0.00000   0.00000   0.00000   0.00000
    2.3175   0.00000   0.00000   0.00000   0.00000
    2.3225   0.00000   0.00000   0.00000   0.00000
    2.3275   0.00000   0.00000   0.00000   0.00000
    2.3325   0.00000   0.00000   0.00000   0.00000
    2.3375   0.00000   0.00000   0.00000   0.00000
    2.3425   0.00000   0.00000   0.00000   0.00000
    2.3475   0.00000   0.00000   0.00000   0.00000
    2.3525   0.00000   0.00000   0.00000   0.00000
    2.3575   0.00000   0.00000   0.00000   0.00000
    2.3625   0.00000   0.00000   0.00000   0.00000
    2.3675   0.00000   0.00000   0.00000   0.00000
    2.3725   0.00000   0.00000   0.00000   0.00000
    2.3775   0.00000   0.00000   0.00000   0.00000
    2.3825   0.00000   0.00000   0.00000   0.00000
    2.3875   0.00000   0.00000   0.00000   0.00000
    2.3925   0.00000   0.00000   0.00000   0.00000
    2.3975   0.00000   0.00000   0.00000   0.00000
    2.4025   0.00000   0.00000   0.00000   0.00000
    2.4075   0.00000   0.00000   0.00000   0.00000
    2.4125   0.00000   0.00000   0.00000   0.00000
    2.4175   0.00000   0.00000   0.00000   0.00000
    2.4225   0.00000   0.00000   0.00000   0.00000
    2.4275   0.00000   0.00000   0.00000   0.00000
    2.4325   0.00000   0.00000   0.00000   0.00000
    2.4375   0.00000   0.00000   0.00000   0.00000
    2.4425   0.00000   0.00000   0.00000   0.00000
    2.4475   0.00000   0.00000   0.00000   0.00000
    2.4525   0.00000   0.00000   0.00000   0.00000
    2.4575   0.00000   0.00000   0.00000   0.00000
    2.4625   0.00000   0.00000   0.00000   0.00000
    2.4675   0.00000   0.00000   0.00000   0.00000
    2.4725   0.00000   0.00000   0.00000   0.00000
    2.4775   0.00000   0.00000   0.00000   0.00000
    2.4825   0.00000   0.00000   0.00000   0.00000
    2.4875   0.00000   0.00000   0.00000   0.00000
    2.4925   0.00000   0.00000   0.00000   0.00000
    2.4975   0.00000   0.00000   0.00000   0.00000
    2.5025   0.00000   0.00000   0.00000   0.00000
    2.5075   0.00000   0.00000   0.00000   0.00000
    2.5125   0.00000   0.00000   0.00000   0.00000
    2.5175   0.00000   0.00000   0.00000   0.00000
    2.5225   0.00000   0.00000   0.00000   0.00000
    2.5275   0.00000   0.00000   0.00000   0.00000
    2.5325   0.00000   0.00000   0.00000   0.00000
    2.5375   0.00000   0.00000   0.00000   0.00000
    2.5425   0.00000   0.00000   0.00000   0.00000
    2.5475   0.00000   0.00000   0.00000   0.00000
    2.5525   0.00000   0.00000   0.00000   0.00000
    2.5575   0.00000   0.00000   0.00000   0.00000
    2.5625   0.00000   0.00000   0.00000   0.00000
    2.5675   0.00000   0.00000   0.00000   0.00000
    2.5725   0.00000   0.00000   0.00000   0.00000
    2.5775   0.00000   0.00000   0.00000   0.00000
    2.5825   0.00000   0.00000   0.00000   0.00000
    2.5875   0.00000   0.00000   0.00000   0.00000
    2.5925   0.00000   0.00000   0.00000   0.00000
    2.5975   0.00000   0.00000   0.00000   0.00000
    2.6025   0.00000   0.00000   0.00000   0.00000
    2.6075   0.00000   0.00000   0.00000   0.00000
    2.6125   0.00000   0.00000   0.00000   0.00000
    2.6175   0.00000   0.00000   0.00000   0.00000
    2.6225   0.00000   0.00000   0.00000   0.00000
    2.6275   0.00000   0.00000   0.00000   0.00000
    2.6325   0.00000   0.00000   0.00000   0.00000
    2.6375   0.00000   0.00000   0.00000   0.00000
    2.6425   0.00000   0.00000   0.00000   0.00000
    2.6475   0.00000   0.00000   0.00000   0.00000
    2.6525   0.00000   0.00000   0.00000   0.00000
    2.6575   0.00000   0.00000   0.00000   0.00000
    2.6625   0.00000   0.00000   0.00000   0.00000
    2.6675   0.00000   0.00000   0.00000   0.00000
    2.6725   0.00000   0.00000   0.00000   0.00000
    2.6775   0.00000   0.00000   0.00000   0.00000
    2.6825   0.00000   0.00000   0.00000   0.00000
    2.6875   0.00000   0.00000   0.00000   0.00000
    2.6925   0.00000   0.00000   0.00000   0.00000
